Format for this file:
    Command:Cursor:Buffer at cursor location
    The other words are just identifiers.
    The printed characters are in the format 'Out: (char)'
    The read characters are in the format 'Read: (char)'

Instruction count: 6

Out: '\u{0}'
.:0:0
+:0:1
>:1:0
+:1:1
<:0:1
-:0:0
>:1:1
-:1:0
<:0:0
+:0:1
+:0:2
+:0:3
+:0:4
+:0:5
>:1:0
+:1:1
+:1:2
+:1:3
<:0:5
>:1:3
Start new loop
>:2:0
+:2:1
+:2:2
+:2:3
+:2:4
+:2:5
<:1:3
-:1:2
Restart loop
>:2:5
+:2:6
+:2:7
+:2:8
+:2:9
+:2:10
<:1:2
-:1:1
Restart loop
>:2:10
+:2:11
+:2:12
+:2:13
+:2:14
+:2:15
<:1:1
-:1:0
End loop
[>+++++<-]:1:0
+:1:1
+:1:2
+:1:3
<:0:5
-:0:4
Restart loop
>:1:3
Start new loop
>:2:15
+:2:16
+:2:17
+:2:18
+:2:19
+:2:20
<:1:3
-:1:2
Restart loop
>:2:20
+:2:21
+:2:22
+:2:23
+:2:24
+:2:25
<:1:2
-:1:1
Restart loop
>:2:25
+:2:26
+:2:27
+:2:28
+:2:29
+:2:30
<:1:1
-:1:0
End loop
[>+++++<-]:1:0
+:1:1
+:1:2
+:1:3
<:0:4
-:0:3
Restart loop
>:1:3
Start new loop
>:2:30
+:2:31
+:2:32
+:2:33
+:2:34
+:2:35
<:1:3
-:1:2
Restart loop
>:2:35
+:2:36
+:2:37
+:2:38
+:2:39
+:2:40
<:1:2
-:1:1
Restart loop
>:2:40
+:2:41
+:2:42
+:2:43
+:2:44
+:2:45
<:1:1
-:1:0
End loop
[>+++++<-]:1:0
+:1:1
+:1:2
+:1:3
<:0:3
-:0:2
Restart loop
>:1:3
Start new loop
>:2:45
+:2:46
+:2:47
+:2:48
+:2:49
+:2:50
<:1:3
-:1:2
Restart loop
>:2:50
+:2:51
+:2:52
+:2:53
+:2:54
+:2:55
<:1:2
-:1:1
Restart loop
>:2:55
+:2:56
+:2:57
+:2:58
+:2:59
+:2:60
<:1:1
-:1:0
End loop
[>+++++<-]:1:0
+:1:1
+:1:2
+:1:3
<:0:2
-:0:1
Restart loop
>:1:3
Start new loop
>:2:60
+:2:61
+:2:62
+:2:63
+:2:64
+:2:65
<:1:3
-:1:2
Restart loop
>:2:65
+:2:66
+:2:67
+:2:68
+:2:69
+:2:70
<:1:2
-:1:1
Restart loop
>:2:70
+:2:71
+:2:72
+:2:73
+:2:74
+:2:75
<:1:1
-:1:0
End loop
[>+++++<-]:1:0
+:1:1
+:1:2
+:1:3
<:0:1
-:0:0
End loop
[>[>+++++<-]+++<-]:0:0
>:1:3
>:2:75
-:2:74
-:2:73
-:2:72
Out: H.:2:72
<:1:3
<:0:0
+:0:1
+:0:2
+:0:3
+:0:4
+:0:5
>:1:3
Start new loop
>:2:72
+:2:73
+:2:74
<:1:3
-:1:2
Restart loop
>:2:74
+:2:75
+:2:76
<:1:2
-:1:1
Restart loop
>:2:76
+:2:77
+:2:78
<:1:1
-:1:0
End loop
[>++<-]:1:0
+:1:1
+:1:2
+:1:3
<:0:5
-:0:4
Restart loop
>:1:3
Start new loop
>:2:78
+:2:79
+:2:80
<:1:3
-:1:2
Restart loop
>:2:80
+:2:81
+:2:82
<:1:2
-:1:1
Restart loop
>:2:82
+:2:83
+:2:84
<:1:1
-:1:0
End loop
[>++<-]:1:0
+:1:1
+:1:2
+:1:3
<:0:4
-:0:3
Restart loop
>:1:3
Start new loop
>:2:84
+:2:85
+:2:86
<:1:3
-:1:2
Restart loop
>:2:86
+:2:87
+:2:88
<:1:2
-:1:1
Restart loop
>:2:88
+:2:89
+:2:90
<:1:1
-:1:0
End loop
[>++<-]:1:0
+:1:1
+:1:2
+:1:3
<:0:3
-:0:2
Restart loop
>:1:3
Start new loop
>:2:90
+:2:91
+:2:92
<:1:3
-:1:2
Restart loop
>:2:92
+:2:93
+:2:94
<:1:2
-:1:1
Restart loop
>:2:94
+:2:95
+:2:96
<:1:1
-:1:0
End loop
[>++<-]:1:0
+:1:1
+:1:2
+:1:3
<:0:2
-:0:1
Restart loop
>:1:3
Start new loop
>:2:96
+:2:97
+:2:98
<:1:3
-:1:2
Restart loop
>:2:98
+:2:99
+:2:100
<:1:2
-:1:1
Restart loop
>:2:100
+:2:101
+:2:102
<:1:1
-:1:0
End loop
[>++<-]:1:0
+:1:1
+:1:2
+:1:3
<:0:1
-:0:0
End loop
[>[>++<-]+++<-]:0:0
>:1:3
>:2:102
-:2:101
Out: e.:2:101
<:1:3
<:0:0
>:1:3
>:2:101
+:2:102
+:2:103
+:2:104
+:2:105
+:2:106
+:2:107
+:2:108
Out: l.:2:108
Out: l.:2:108
<:1:3
<:0:0
>:1:3
>:2:108
+:2:109
+:2:110
+:2:111
Out: o.:2:111
<:1:3
<:0:0
[-]:0:0
>:1:3
-:1:2
Restart loop
-:1:1
Restart loop
-:1:0
End loop
[-]:1:0
>:2:111
-:2:110
Restart loop
-:2:109
Restart loop
-:2:108
Restart loop
-:2:107
Restart loop
-:2:106
Restart loop
-:2:105
Restart loop
-:2:104
Restart loop
-:2:103
Restart loop
-:2:102
Restart loop
-:2:101
Restart loop
-:2:100
Restart loop
-:2:99
Restart loop
-:2:98
Restart loop
-:2:97
Restart loop
-:2:96
Restart loop
-:2:95
Restart loop
-:2:94
Restart loop
-:2:93
Restart loop
-:2:92
Restart loop
-:2:91
Restart loop
-:2:90
Restart loop
-:2:89
Restart loop
-:2:88
Restart loop
-:2:87
Restart loop
-:2:86
Restart loop
-:2:85
Restart loop
-:2:84
Restart loop
-:2:83
Restart loop
-:2:82
Restart loop
-:2:81
Restart loop
-:2:80
Restart loop
-:2:79
Restart loop
-:2:78
Restart loop
-:2:77
Restart loop
-:2:76
Restart loop
-:2:75
Restart loop
-:2:74
Restart loop
-:2:73
Restart loop
-:2:72
Restart loop
-:2:71
Restart loop
-:2:70
Restart loop
-:2:69
Restart loop
-:2:68
Restart loop
-:2:67
Restart loop
-:2:66
Restart loop
-:2:65
Restart loop
-:2:64
Restart loop
-:2:63
Restart loop
-:2:62
Restart loop
-:2:61
Restart loop
-:2:60
Restart loop
-:2:59
Restart loop
-:2:58
Restart loop
-:2:57
Restart loop
-:2:56
Restart loop
-:2:55
Restart loop
-:2:54
Restart loop
-:2:53
Restart loop
-:2:52
Restart loop
-:2:51
Restart loop
-:2:50
Restart loop
-:2:49
Restart loop
-:2:48
Restart loop
-:2:47
Restart loop
-:2:46
Restart loop
-:2:45
Restart loop
-:2:44
Restart loop
-:2:43
Restart loop
-:2:42
Restart loop
-:2:41
Restart loop
-:2:40
Restart loop
-:2:39
Restart loop
-:2:38
Restart loop
-:2:37
Restart loop
-:2:36
Restart loop
-:2:35
Restart loop
-:2:34
Restart loop
-:2:33
Restart loop
-:2:32
Restart loop
-:2:31
Restart loop
-:2:30
Restart loop
-:2:29
Restart loop
-:2:28
Restart loop
-:2:27
Restart loop
-:2:26
Restart loop
-:2:25
Restart loop
-:2:24
Restart loop
-:2:23
Restart loop
-:2:22
Restart loop
-:2:21
Restart loop
-:2:20
Restart loop
-:2:19
Restart loop
-:2:18
Restart loop
-:2:17
Restart loop
-:2:16
Restart loop
-:2:15
Restart loop
-:2:14
Restart loop
-:2:13
Restart loop
-:2:12
Restart loop
-:2:11
Restart loop
-:2:10
Restart loop
-:2:9
Restart loop
-:2:8
Restart loop
-:2:7
Restart loop
-:2:6
Restart loop
-:2:5
Restart loop
-:2:4
Restart loop
-:2:3
Restart loop
-:2:2
Restart loop
-:2:1
Restart loop
-:2:0
End loop
[-]:2:0
<:1:0
<:0:0
+:0:1
+:0:2
+:0:3
+:0:4
+:0:5
>:1:0
+:1:1
+:1:2
<:0:5
>:1:2
Start new loop
>:2:0
+:2:1
+:2:2
+:2:3
+:2:4
<:1:2
-:1:1
Restart loop
>:2:4
+:2:5
+:2:6
+:2:7
+:2:8
<:1:1
-:1:0
End loop
[>++++<-]:1:0
+:1:1
+:1:2
<:0:5
-:0:4
Restart loop
>:1:2
Start new loop
>:2:8
+:2:9
+:2:10
+:2:11
+:2:12
<:1:2
-:1:1
Restart loop
>:2:12
+:2:13
+:2:14
+:2:15
+:2:16
<:1:1
-:1:0
End loop
[>++++<-]:1:0
+:1:1
+:1:2
<:0:4
-:0:3
Restart loop
>:1:2
Start new loop
>:2:16
+:2:17
+:2:18
+:2:19
+:2:20
<:1:2
-:1:1
Restart loop
>:2:20
+:2:21
+:2:22
+:2:23
+:2:24
<:1:1
-:1:0
End loop
[>++++<-]:1:0
+:1:1
+:1:2
<:0:3
-:0:2
Restart loop
>:1:2
Start new loop
>:2:24
+:2:25
+:2:26
+:2:27
+:2:28
<:1:2
-:1:1
Restart loop
>:2:28
+:2:29
+:2:30
+:2:31
+:2:32
<:1:1
-:1:0
End loop
[>++++<-]:1:0
+:1:1
+:1:2
<:0:2
-:0:1
Restart loop
>:1:2
Start new loop
>:2:32
+:2:33
+:2:34
+:2:35
+:2:36
<:1:2
-:1:1
Restart loop
>:2:36
+:2:37
+:2:38
+:2:39
+:2:40
<:1:1
-:1:0
End loop
[>++++<-]:1:0
+:1:1
+:1:2
<:0:1
-:0:0
End loop
[>[>++++<-]++<-]:0:0
>:1:2
>:2:40
+:2:41
+:2:42
+:2:43
+:2:44
Out: ,.:2:44
<:1:2
<:0:0
+:0:1
+:0:2
>:1:2
Start new loop
>:2:44
-:2:43
-:2:42
-:2:41
<:1:2
-:1:1
Restart loop
>:2:41
-:2:40
-:2:39
-:2:38
<:1:1
-:1:0
End loop
[>---<-]:1:0
+:1:1
+:1:2
<:0:2
-:0:1
Restart loop
>:1:2
Start new loop
>:2:38
-:2:37
-:2:36
-:2:35
<:1:2
-:1:1
Restart loop
>:2:35
-:2:34
-:2:33
-:2:32
<:1:1
-:1:0
End loop
[>---<-]:1:0
+:1:1
+:1:2
<:0:1
-:0:0
End loop
[>[>---<-]++<-]:0:0
>:1:2
>:2:32
Out:  .:2:32
<:1:2
<:0:0
[-]:0:0
>:1:2
-:1:1
Restart loop
-:1:0
End loop
[-]:1:0
>:2:32
-:2:31
Restart loop
-:2:30
Restart loop
-:2:29
Restart loop
-:2:28
Restart loop
-:2:27
Restart loop
-:2:26
Restart loop
-:2:25
Restart loop
-:2:24
Restart loop
-:2:23
Restart loop
-:2:22
Restart loop
-:2:21
Restart loop
-:2:20
Restart loop
-:2:19
Restart loop
-:2:18
Restart loop
-:2:17
Restart loop
-:2:16
Restart loop
-:2:15
Restart loop
-:2:14
Restart loop
-:2:13
Restart loop
-:2:12
Restart loop
-:2:11
Restart loop
-:2:10
Restart loop
-:2:9
Restart loop
-:2:8
Restart loop
-:2:7
Restart loop
-:2:6
Restart loop
-:2:5
Restart loop
-:2:4
Restart loop
-:2:3
Restart loop
-:2:2
Restart loop
-:2:1
Restart loop
-:2:0
End loop
[-]:2:0
<:1:0
<:0:0
+:0:1
+:0:2
+:0:3
+:0:4
+:0:5
>:1:0
+:1:1
+:1:2
+:1:3
+:1:4
<:0:5
>:1:4
Start new loop
>:2:0
+:2:1
+:2:2
+:2:3
+:2:4
<:1:4
-:1:3
Restart loop
>:2:4
+:2:5
+:2:6
+:2:7
+:2:8
<:1:3
-:1:2
Restart loop
>:2:8
+:2:9
+:2:10
+:2:11
+:2:12
<:1:2
-:1:1
Restart loop
>:2:12
+:2:13
+:2:14
+:2:15
+:2:16
<:1:1
-:1:0
End loop
[>++++<-]:1:0
+:1:1
+:1:2
+:1:3
+:1:4
<:0:5
-:0:4
Restart loop
>:1:4
Start new loop
>:2:16
+:2:17
+:2:18
+:2:19
+:2:20
<:1:4
-:1:3
Restart loop
>:2:20
+:2:21
+:2:22
+:2:23
+:2:24
<:1:3
-:1:2
Restart loop
>:2:24
+:2:25
+:2:26
+:2:27
+:2:28
<:1:2
-:1:1
Restart loop
>:2:28
+:2:29
+:2:30
+:2:31
+:2:32
<:1:1
-:1:0
End loop
[>++++<-]:1:0
+:1:1
+:1:2
+:1:3
+:1:4
<:0:4
-:0:3
Restart loop
>:1:4
Start new loop
>:2:32
+:2:33
+:2:34
+:2:35
+:2:36
<:1:4
-:1:3
Restart loop
>:2:36
+:2:37
+:2:38
+:2:39
+:2:40
<:1:3
-:1:2
Restart loop
>:2:40
+:2:41
+:2:42
+:2:43
+:2:44
<:1:2
-:1:1
Restart loop
>:2:44
+:2:45
+:2:46
+:2:47
+:2:48
<:1:1
-:1:0
End loop
[>++++<-]:1:0
+:1:1
+:1:2
+:1:3
+:1:4
<:0:3
-:0:2
Restart loop
>:1:4
Start new loop
>:2:48
+:2:49
+:2:50
+:2:51
+:2:52
<:1:4
-:1:3
Restart loop
>:2:52
+:2:53
+:2:54
+:2:55
+:2:56
<:1:3
-:1:2
Restart loop
>:2:56
+:2:57
+:2:58
+:2:59
+:2:60
<:1:2
-:1:1
Restart loop
>:2:60
+:2:61
+:2:62
+:2:63
+:2:64
<:1:1
-:1:0
End loop
[>++++<-]:1:0
+:1:1
+:1:2
+:1:3
+:1:4
<:0:2
-:0:1
Restart loop
>:1:4
Start new loop
>:2:64
+:2:65
+:2:66
+:2:67
+:2:68
<:1:4
-:1:3
Restart loop
>:2:68
+:2:69
+:2:70
+:2:71
+:2:72
<:1:3
-:1:2
Restart loop
>:2:72
+:2:73
+:2:74
+:2:75
+:2:76
<:1:2
-:1:1
Restart loop
>:2:76
+:2:77
+:2:78
+:2:79
+:2:80
<:1:1
-:1:0
End loop
[>++++<-]:1:0
+:1:1
+:1:2
+:1:3
+:1:4
<:0:1
-:0:0
End loop
[>[>++++<-]++++<-]:0:0
>:1:4
>:2:80
+:2:81
+:2:82
+:2:83
+:2:84
+:2:85
+:2:86
+:2:87
Out: W.:2:87
<:1:4
<:0:0
>:1:4
>:2:87
+:2:88
+:2:89
+:2:90
<:1:4
+:1:5
>:2:90
+:2:91
+:2:92
+:2:93
+:2:94
<:1:5
-:1:4
Restart loop
>:2:94
+:2:95
+:2:96
+:2:97
+:2:98
<:1:4
-:1:3
Restart loop
>:2:98
+:2:99
+:2:100
+:2:101
+:2:102
<:1:3
-:1:2
Restart loop
>:2:102
+:2:103
+:2:104
+:2:105
+:2:106
<:1:2
-:1:1
Restart loop
>:2:106
+:2:107
+:2:108
+:2:109
+:2:110
<:1:1
-:1:0
End loop
[>++++<-]:1:0
>:2:110
+:2:111
Out: o.:2:111
<:1:0
<:0:0
>:1:0
>:2:111
+:2:112
+:2:113
+:2:114
Out: r.:2:114
<:1:0
<:0:0
>:1:0
>:2:114
-:2:113
-:2:112
-:2:111
-:2:110
-:2:109
-:2:108
Out: l.:2:108
<:1:0
<:0:0
>:1:0
+:1:1
+:1:2
+:1:3
+:1:4
>:2:108
-:2:107
-:2:106
<:1:4
-:1:3
Restart loop
>:2:106
-:2:105
-:2:104
<:1:3
-:1:2
Restart loop
>:2:104
-:2:103
-:2:102
<:1:2
-:1:1
Restart loop
>:2:102
-:2:101
-:2:100
<:1:1
-:1:0
End loop
[>--<-]:1:0
>:2:100
Out: d.:2:100
<:1:0
<:0:0
[-]:0:0
>:1:0
[-]:1:0
>:2:100
-:2:99
Restart loop
-:2:98
Restart loop
-:2:97
Restart loop
-:2:96
Restart loop
-:2:95
Restart loop
-:2:94
Restart loop
-:2:93
Restart loop
-:2:92
Restart loop
-:2:91
Restart loop
-:2:90
Restart loop
-:2:89
Restart loop
-:2:88
Restart loop
-:2:87
Restart loop
-:2:86
Restart loop
-:2:85
Restart loop
-:2:84
Restart loop
-:2:83
Restart loop
-:2:82
Restart loop
-:2:81
Restart loop
-:2:80
Restart loop
-:2:79
Restart loop
-:2:78
Restart loop
-:2:77
Restart loop
-:2:76
Restart loop
-:2:75
Restart loop
-:2:74
Restart loop
-:2:73
Restart loop
-:2:72
Restart loop
-:2:71
Restart loop
-:2:70
Restart loop
-:2:69
Restart loop
-:2:68
Restart loop
-:2:67
Restart loop
-:2:66
Restart loop
-:2:65
Restart loop
-:2:64
Restart loop
-:2:63
Restart loop
-:2:62
Restart loop
-:2:61
Restart loop
-:2:60
Restart loop
-:2:59
Restart loop
-:2:58
Restart loop
-:2:57
Restart loop
-:2:56
Restart loop
-:2:55
Restart loop
-:2:54
Restart loop
-:2:53
Restart loop
-:2:52
Restart loop
-:2:51
Restart loop
-:2:50
Restart loop
-:2:49
Restart loop
-:2:48
Restart loop
-:2:47
Restart loop
-:2:46
Restart loop
-:2:45
Restart loop
-:2:44
Restart loop
-:2:43
Restart loop
-:2:42
Restart loop
-:2:41
Restart loop
-:2:40
Restart loop
-:2:39
Restart loop
-:2:38
Restart loop
-:2:37
Restart loop
-:2:36
Restart loop
-:2:35
Restart loop
-:2:34
Restart loop
-:2:33
Restart loop
-:2:32
Restart loop
-:2:31
Restart loop
-:2:30
Restart loop
-:2:29
Restart loop
-:2:28
Restart loop
-:2:27
Restart loop
-:2:26
Restart loop
-:2:25
Restart loop
-:2:24
Restart loop
-:2:23
Restart loop
-:2:22
Restart loop
-:2:21
Restart loop
-:2:20
Restart loop
-:2:19
Restart loop
-:2:18
Restart loop
-:2:17
Restart loop
-:2:16
Restart loop
-:2:15
Restart loop
-:2:14
Restart loop
-:2:13
Restart loop
-:2:12
Restart loop
-:2:11
Restart loop
-:2:10
Restart loop
-:2:9
Restart loop
-:2:8
Restart loop
-:2:7
Restart loop
-:2:6
Restart loop
-:2:5
Restart loop
-:2:4
Restart loop
-:2:3
Restart loop
-:2:2
Restart loop
-:2:1
Restart loop
-:2:0
End loop
[-]:2:0
<:1:0
<:0:0
+:0:1
+:0:2
+:0:3
+:0:4
>:1:0
+:1:1
+:1:2
<:0:4
>:1:2
Start new loop
>:2:0
+:2:1
+:2:2
+:2:3
+:2:4
<:1:2
-:1:1
Restart loop
>:2:4
+:2:5
+:2:6
+:2:7
+:2:8
<:1:1
-:1:0
End loop
[>++++<-]:1:0
+:1:1
+:1:2
<:0:4
-:0:3
Restart loop
>:1:2
Start new loop
>:2:8
+:2:9
+:2:10
+:2:11
+:2:12
<:1:2
-:1:1
Restart loop
>:2:12
+:2:13
+:2:14
+:2:15
+:2:16
<:1:1
-:1:0
End loop
[>++++<-]:1:0
+:1:1
+:1:2
<:0:3
-:0:2
Restart loop
>:1:2
Start new loop
>:2:16
+:2:17
+:2:18
+:2:19
+:2:20
<:1:2
-:1:1
Restart loop
>:2:20
+:2:21
+:2:22
+:2:23
+:2:24
<:1:1
-:1:0
End loop
[>++++<-]:1:0
+:1:1
+:1:2
<:0:2
-:0:1
Restart loop
>:1:2
Start new loop
>:2:24
+:2:25
+:2:26
+:2:27
+:2:28
<:1:2
-:1:1
Restart loop
>:2:28
+:2:29
+:2:30
+:2:31
+:2:32
<:1:1
-:1:0
End loop
[>++++<-]:1:0
+:1:1
+:1:2
<:0:1
-:0:0
End loop
[>[>++++<-]++<-]:0:0
>:1:2
>:2:32
+:2:33
Out: !.:2:33
<:1:2
<:0:0
[-]:0:0
>:1:2
-:1:1
Restart loop
-:1:0
End loop
[-]:1:0
>:2:33
-:2:32
Restart loop
-:2:31
Restart loop
-:2:30
Restart loop
-:2:29
Restart loop
-:2:28
Restart loop
-:2:27
Restart loop
-:2:26
Restart loop
-:2:25
Restart loop
-:2:24
Restart loop
-:2:23
Restart loop
-:2:22
Restart loop
-:2:21
Restart loop
-:2:20
Restart loop
-:2:19
Restart loop
-:2:18
Restart loop
-:2:17
Restart loop
-:2:16
Restart loop
-:2:15
Restart loop
-:2:14
Restart loop
-:2:13
Restart loop
-:2:12
Restart loop
-:2:11
Restart loop
-:2:10
Restart loop
-:2:9
Restart loop
-:2:8
Restart loop
-:2:7
Restart loop
-:2:6
Restart loop
-:2:5
Restart loop
-:2:4
Restart loop
-:2:3
Restart loop
-:2:2
Restart loop
-:2:1
Restart loop
-:2:0
End loop
[-]:2:0
<:1:0
<:0:0
+:0:1
+:0:2
+:0:3
+:0:4
+:0:5
>:1:0
+:1:1
+:1:2
<:0:5
-:0:4
Restart loop
>:1:2
+:1:3
+:1:4
<:0:4
-:0:3
Restart loop
>:1:4
+:1:5
+:1:6
<:0:3
-:0:2
Restart loop
>:1:6
+:1:7
+:1:8
<:0:2
-:0:1
Restart loop
>:1:8
+:1:9
+:1:10
<:0:1
-:0:0
End loop
[>++<-]:0:0
>:1:10
Out: 
.:1:10
<:0:0
[-]:0:0
>:1:10
-:1:9
Restart loop
-:1:8
Restart loop
-:1:7
Restart loop
-:1:6
Restart loop
-:1:5
Restart loop
-:1:4
Restart loop
-:1:3
Restart loop
-:1:2
Restart loop
-:1:1
Restart loop
-:1:0
End loop
[-]:1:0
>:2:0
[-]:2:0
<:1:0
<:0:0
!:0:0


Instruction count: 1040